<?xml version="1.0" encoding="UTF-8"?>
<!-- Generated by org.testng.reporters.JUnitReportReporter -->
<testsuite skipped="0" hostname="Naaz" name="test.test1" tests="1" failures="0" timestamp="21 Jul 2017 03:55:07 GMT" time="18.262" errors="0">
  <testcase name="t2" time="18.262" classname="test.test1"/>
</testsuite> <!-- test.test1 -->
