<?xml version="1.0" encoding="UTF-8"?>
<!-- Generated by org.testng.reporters.JUnitReportReporter -->
<testsuite name="OpenApp" tests="3" time="7.252" ignored="0" failures="0" timestamp="24 Jul 2017 01:52:00 GMT" skipped="0" hostname="Naaz" errors="0">
  <testcase name="Logout" time="1.047" classname="OpenApp"/>
  <testcase name="openBrowser" time="2.779" classname="OpenApp"/>
  <testcase name="OpenFacebook" time="3.426" classname="OpenApp"/>
</testsuite> <!-- OpenApp -->
