<?xml version="1.0" encoding="UTF-8"?>
<!-- Generated by org.testng.reporters.JUnitReportReporter -->
<testsuite name="open" tests="2" time="5.242" ignored="0" failures="0" timestamp="20 Jul 2017 03:26:59 GMT" skipped="0" hostname="Naaz" errors="0">
  <testcase name="openBrowser" time="3.011" classname="open"/>
  <testcase name="Logout" time="2.231" classname="open"/>
</testsuite> <!-- open -->
