<?xml version="1.0" encoding="UTF-8"?>
<!-- Generated by org.testng.reporters.JUnitReportReporter -->
<testsuite name="test2" tests="1" time="3.812" ignored="0" failures="0" timestamp="09 Jul 2017 17:05:40 GMT" skipped="0" hostname="Naaz" errors="0">
  <testcase name="opennet" time="3.812" classname="test2"/>
</testsuite> <!-- test2 -->
