<?xml version="1.0" encoding="UTF-8"?>
<!-- Generated by org.testng.reporters.JUnitReportReporter -->
<testsuite name="Sam1" tests="3" time="5.439" ignored="0" failures="0" timestamp="09 Jul 2017 17:05:40 GMT" skipped="0" hostname="Naaz" errors="0">
  <testcase name="Logout" time="0.975" classname="Sam1"/>
  <testcase name="openBrowser" time="2.713" classname="Sam1"/>
  <testcase name="openFacebook" time="1.751" classname="Sam1"/>
</testsuite> <!-- Sam1 -->
